<?xml version="1.0" encoding="UTF-8"?>
<robot generator="Robot 4.1.3 (Python 3.8.10 on linux)" generated="20220130 20:39:53.798" rpa="false" schemaversion="2">
<suite id="s1" name="Test" source="/home/qa/PycharmProjects/pythonProject/Automation/test.robot">
<test id="s1-t1" name="Google">
<kw name="Open Browser" library="SeleniumLibrary">
<arg>https://www.google.com/</arg>
<arg>chrome</arg>
<doc>Opens a new browser instance to the optional ``url``.</doc>
<msg timestamp="20220130 20:39:54.120" level="INFO">Opening browser 'chrome' to base url 'https://www.google.com/'.</msg>
<msg timestamp="20220130 20:39:55.745" level="INFO">Cannot capture screenshot because no browser is open.</msg>
<msg timestamp="20220130 20:39:55.763" level="FAIL">SessionNotCreatedException: Message: session not created: This version of ChromeDriver only supports Chrome version 98
Current browser version is 97.0.4692.99 with binary path /usr/bin/google-chrome
Stacktrace:
#0 0x562b0ffe0093 &lt;unknown&gt;
#1 0x562b0faa6648 &lt;unknown&gt;
#2 0x562b0facd655 &lt;unknown&gt;
#3 0x562b0fac8eac &lt;unknown&gt;
#4 0x562b0fac527a &lt;unknown&gt;
#5 0x562b0fafff1a &lt;unknown&gt;
#6 0x562b0fafa063 &lt;unknown&gt;
#7 0x562b0facfcba &lt;unknown&gt;
#8 0x562b0fad0d85 &lt;unknown&gt;
#9 0x562b100119bd &lt;unknown&gt;
#10 0x562b1002ab8e &lt;unknown&gt;
#11 0x562b10013795 &lt;unknown&gt;
#12 0x562b1002b815 &lt;unknown&gt;
#13 0x562b1000713f &lt;unknown&gt;
#14 0x562b10047bc8 &lt;unknown&gt;
#15 0x562b10047d48 &lt;unknown&gt;
#16 0x562b100622ad &lt;unknown&gt;
#17 0x7fcc931ac609 &lt;unknown&gt;
</msg>
<status status="FAIL" starttime="20220130 20:39:54.120" endtime="20220130 20:39:55.763"/>
</kw>
<status status="FAIL" starttime="20220130 20:39:54.118" endtime="20220130 20:39:55.764">SessionNotCreatedException: Message: session not created: This version of ChromeDriver only supports Chrome version 98
Current browser version is 97.0.4692.99 with binary path /usr/bin/google-chrome
Stacktrace:
#0 0x562b0ffe0093 &lt;unknown&gt;
#1 0x562b0faa6648 &lt;unknown&gt;
#2 0x562b0facd655 &lt;unknown&gt;
#3 0x562b0fac8eac &lt;unknown&gt;
#4 0x562b0fac527a &lt;unknown&gt;
#5 0x562b0fafff1a &lt;unknown&gt;
#6 0x562b0fafa063 &lt;unknown&gt;
#7 0x562b0facfcba &lt;unknown&gt;
#8 0x562b0fad0d85 &lt;unknown&gt;
#9 0x562b100119bd &lt;unknown&gt;
#10 0x562b1002ab8e &lt;unknown&gt;
#11 0x562b10013795 &lt;unknown&gt;
#12 0x562b1002b815 &lt;unknown&gt;
#13 0x562b1000713f &lt;unknown&gt;
#14 0x562b10047bc8 &lt;unknown&gt;
#15 0x562b10047d48 &lt;unknown&gt;
#16 0x562b100622ad &lt;unknown&gt;
#17 0x7fcc931ac609 &lt;unknown&gt;
</status>
</test>
<status status="FAIL" starttime="20220130 20:39:53.799" endtime="20220130 20:39:55.765"/>
</suite>
<statistics>
<total>
<stat pass="0" fail="1" skip="0">All Tests</stat>
</total>
<tag>
</tag>
<suite>
<stat pass="0" fail="1" skip="0" id="s1" name="Test">Test</stat>
</suite>
</statistics>
<errors>
</errors>
</robot>
